<?xml version="1.0" encoding="UTF-8"?>
<!-- Generated by org.testng.reporters.JUnitReportReporter -->
<testsuite hostname="DESKTOP-GH6SL2D" failures="0" tests="6" name="testCases.TC003_LoginDDT" time="31.965" errors="0" timestamp="2025-03-02T00:47:27 IST" skipped="0">
  <testcase classname="testCases.TC003_LoginDDT" name="verify_loginDDT" time="2.067"/>
  <testcase classname="testCases.TC003_LoginDDT" name="verify_loginDDT" time="2.612"/>
  <testcase classname="testCases.TC003_LoginDDT" name="verify_loginDDT" time="11.424"/>
  <testcase classname="testCases.TC003_LoginDDT" name="verify_loginDDT" time="2.310"/>
  <testcase classname="testCases.TC003_LoginDDT" name="verify_loginDDT" time="11.483"/>
  <testcase classname="testCases.TC003_LoginDDT" name="verify_loginDDT" time="2.069"/>
</testsuite> <!-- testCases.TC003_LoginDDT -->
