<?xml version="1.0" encoding="UTF-8"?>
<!-- Generated by org.testng.reporters.JUnitReportReporter -->
<testsuite hostname="DESKTOP-GH6SL2D" failures="0" tests="2" name="testCases.TC001_AccountRegistrationTest" time="6.224" errors="0" timestamp="2025-03-03T13:25:43 IST" skipped="0">
  <testcase classname="testCases.TC001_AccountRegistrationTest" name="verify_account_registration" time="2.495"/>
  <testcase classname="testCases.TC001_AccountRegistrationTest" name="verify_account_registration" time="3.729"/>
</testsuite> <!-- testCases.TC001_AccountRegistrationTest -->
