<?xml version="1.0" encoding="UTF-8"?>
<!-- Generated by org.testng.reporters.JUnitReportReporter -->
<testsuite hostname="DESKTOP-GH6SL2D" failures="0" tests="2" name="testCases.TC002_LoginTest" time="4.889" errors="0" timestamp="2025-03-03T13:25:43 IST" skipped="0">
  <testcase classname="testCases.TC002_LoginTest" name="verify_Login" time="2.130"/>
  <testcase classname="testCases.TC002_LoginTest" name="verify_Login" time="2.759"/>
</testsuite> <!-- testCases.TC002_LoginTest -->
