<?xml version="1.0" encoding="UTF-8"?>
<!-- Generated by org.testng.reporters.JUnitReportReporter -->
<testsuite hostname="DESKTOP-GH6SL2D" failures="0" tests="1" name="testCases.TC001_AccountRegistrationTest" time="3.136" errors="0" timestamp="2025-03-04T13:07:21 IST" skipped="0">
  <testcase classname="testCases.TC001_AccountRegistrationTest" name="verify_account_registration" time="3.136"/>
</testsuite> <!-- testCases.TC001_AccountRegistrationTest -->
