<?xml version="1.0" encoding="UTF-8"?>
<!-- Generated by org.testng.reporters.JUnitReportReporter -->
<testsuite hostname="DESKTOP-GH6SL2D" failures="0" tests="1" name="testCases.TC002_LoginTest" time="2.345" errors="0" timestamp="2025-03-04T13:07:21 IST" skipped="0">
  <testcase classname="testCases.TC002_LoginTest" name="verify_Login" time="2.345"/>
</testsuite> <!-- testCases.TC002_LoginTest -->
