<?xml version="1.0" encoding="UTF-8"?>
<!-- Generated by org.testng.reporters.JUnitReportReporter -->
<testsuite hostname="DESKTOP-GH6SL2D" failures="0" tests="1" name="testCases.TC002_LoginTest" time="2.537" errors="0" timestamp="2025-08-30T01:27:06 IST" skipped="0">
  <testcase classname="testCases.TC002_LoginTest" name="verify_Login" time="2.537"/>
</testsuite> <!-- testCases.TC002_LoginTest -->
